09/18/19 21:35:25 - [START] Compute Quality Rules
09/18/19 21:35:26 -   ->  quality rule DISABLED: 7776	Avoid Artifacts with High Fan-In
09/18/19 21:35:26 -   ->  quality rule DISABLED: 7778	Avoid Artifacts with High Fan-Out
09/18/19 21:35:26 -   ->  quality rule DISABLED: 7784	Avoid Artifacts with lines longer than 120 characters
09/18/19 21:35:26 -   ->  quality rule DISABLED: 7830	Avoid unreferenced Interfaces
09/18/19 21:35:26 -   ->  quality rule DISABLED: 2230	Use of style sheets
09/18/19 21:35:26 -   ->  quality rule DISABLED: 7378	Use of style sheets
09/18/19 21:35:26 -   ->  quality rule DISABLED: 7908	Avoid unreferenced Methods
09/18/19 21:35:26 - [START] load object, links and properties
09/18/19 21:35:26 -   -> loading objects from file: output\Shopping_Cart-Mongodb_80ac4dec4d6de4701df0c521848c0009ec960070_cd626c4bb37f7bebed3b584d7f59684d8a04a0f0\repository\UA_HTML5\ObjectDescriptors_1.json (1/3)
09/18/19 21:35:26 -   -> loading objects from file: output\Shopping_Cart-Mongodb_80ac4dec4d6de4701df0c521848c0009ec960070_cd626c4bb37f7bebed3b584d7f59684d8a04a0f0\repository\UA_HTML5\ObjectDescriptors_2.json (2/3)
09/18/19 21:35:26 -   -> loading objects from file: output\Shopping_Cart-Mongodb_80ac4dec4d6de4701df0c521848c0009ec960070_cd626c4bb37f7bebed3b584d7f59684d8a04a0f0\repository\UA_HTML5\ObjectDescriptors_3.json (3/3)
09/18/19 21:35:26 -   -> loading links from file:output\Shopping_Cart-Mongodb_80ac4dec4d6de4701df0c521848c0009ec960070_cd626c4bb37f7bebed3b584d7f59684d8a04a0f0\repository\UA_HTML5\ObjectDescriptors_1.json (1/3)
09/18/19 21:35:26 -   -> loading links from file:output\Shopping_Cart-Mongodb_80ac4dec4d6de4701df0c521848c0009ec960070_cd626c4bb37f7bebed3b584d7f59684d8a04a0f0\repository\UA_HTML5\ObjectDescriptors_2.json (2/3)
09/18/19 21:35:26 -   -> loading links from file:output\Shopping_Cart-Mongodb_80ac4dec4d6de4701df0c521848c0009ec960070_cd626c4bb37f7bebed3b584d7f59684d8a04a0f0\repository\UA_HTML5\ObjectDescriptors_3.json (3/3)
09/18/19 21:35:26 -   Total loaded: 
09/18/19 21:35:26 -     603 objects
09/18/19 21:35:26 -     777 links
09/18/19 21:35:26 -     1488 properties
09/18/19 21:35:26 - [END] load object, links and properties
09/18/19 21:35:26 - [START] Process Quality Rules
09/18/19 21:35:26 -   -> processing quality rule: Avoid_direct_definition_of_JavaScript_Functions_in_a_Web_page
09/18/19 21:35:26 -   -> processing quality rule: Avoid artifacts having recursive calls
09/18/19 21:35:26 -   -> processing quality rule: Avoid Artifacts with High Cyclomatic Complexity
09/18/19 21:35:26 -   -> processing quality rule: Avoid Artifacts with High Depth of Code
09/18/19 21:35:26 -   -> processing quality rule: Avoid Artifacts with High Essential Complexity
09/18/19 21:35:26 -   -> processing quality rule: Avoid Artifacts with High Integration Complexity
09/18/19 21:35:26 -   -> processing quality rule: Avoid Classes with a very low comment code ratio
09/18/19 21:35:26 -   -> processing quality rule: Avoid Classes with a High Number Of Children
09/18/19 21:35:26 -   -> processing quality rule: Avoid undocumented Function
09/18/19 21:35:26 -   -> processing quality rule: Avoid undocumented Methods
09/18/19 21:35:26 -   -> processing quality rule: Avoid large Artifacts - too many Lines of Code
09/18/19 21:35:26 -   -> processing quality rule: Avoid Methods with a very low comment code ratio
09/18/19 21:35:26 - [END] Process Quality Rules
09/18/19 21:35:26 - [END] Compute Quality Rules
09/18/19 21:54:34 - [START] Compute Quality Rules
09/18/19 21:54:38 -   ->  quality rule DISABLED: 7776	Avoid Artifacts with High Fan-In
09/18/19 21:54:38 -   ->  quality rule DISABLED: 7778	Avoid Artifacts with High Fan-Out
09/18/19 21:54:38 -   ->  quality rule DISABLED: 7784	Avoid Artifacts with lines longer than 120 characters
09/18/19 21:54:38 -   ->  quality rule DISABLED: 7830	Avoid unreferenced Interfaces
09/18/19 21:54:38 -   ->  quality rule DISABLED: 2230	Use of style sheets
09/18/19 21:54:38 -   ->  quality rule DISABLED: 7378	Use of style sheets
09/18/19 21:54:38 -   ->  quality rule DISABLED: 7908	Avoid unreferenced Methods
09/18/19 21:54:38 - [START] load object, links and properties
09/18/19 21:54:38 -   -> loading objects from file: output\Shopping_Cart-Mongodb_80ac4dec4d6de4701df0c521848c0009ec960070_cd626c4bb37f7bebed3b584d7f59684d8a04a0f0\repository\UA_HTML5\ObjectDescriptors_1.json (1/3)
09/18/19 21:54:38 -   -> loading objects from file: output\Shopping_Cart-Mongodb_80ac4dec4d6de4701df0c521848c0009ec960070_cd626c4bb37f7bebed3b584d7f59684d8a04a0f0\repository\UA_HTML5\ObjectDescriptors_2.json (2/3)
09/18/19 21:54:38 -   -> loading objects from file: output\Shopping_Cart-Mongodb_80ac4dec4d6de4701df0c521848c0009ec960070_cd626c4bb37f7bebed3b584d7f59684d8a04a0f0\repository\UA_HTML5\ObjectDescriptors_3.json (3/3)
09/18/19 21:54:38 -   -> loading links from file:output\Shopping_Cart-Mongodb_80ac4dec4d6de4701df0c521848c0009ec960070_cd626c4bb37f7bebed3b584d7f59684d8a04a0f0\repository\UA_HTML5\ObjectDescriptors_1.json (1/3)
09/18/19 21:54:38 -   -> loading links from file:output\Shopping_Cart-Mongodb_80ac4dec4d6de4701df0c521848c0009ec960070_cd626c4bb37f7bebed3b584d7f59684d8a04a0f0\repository\UA_HTML5\ObjectDescriptors_2.json (2/3)
09/18/19 21:54:38 -   -> loading links from file:output\Shopping_Cart-Mongodb_80ac4dec4d6de4701df0c521848c0009ec960070_cd626c4bb37f7bebed3b584d7f59684d8a04a0f0\repository\UA_HTML5\ObjectDescriptors_3.json (3/3)
09/18/19 21:54:38 -   Total loaded: 
09/18/19 21:54:38 -     603 objects
09/18/19 21:54:38 -     777 links
09/18/19 21:54:38 -     1488 properties
09/18/19 21:54:38 - [END] load object, links and properties
09/18/19 21:54:38 - [START] Process Quality Rules
09/18/19 21:54:38 -   -> processing quality rule: Avoid_direct_definition_of_JavaScript_Functions_in_a_Web_page
09/18/19 21:54:38 -   -> processing quality rule: Avoid artifacts having recursive calls
09/18/19 21:54:38 -   -> processing quality rule: Avoid Artifacts with High Cyclomatic Complexity
09/18/19 21:54:38 -   -> processing quality rule: Avoid Artifacts with High Depth of Code
09/18/19 21:54:38 -   -> processing quality rule: Avoid Artifacts with High Essential Complexity
09/18/19 21:54:38 -   -> processing quality rule: Avoid Artifacts with High Integration Complexity
09/18/19 21:54:38 -   -> processing quality rule: Avoid Classes with a very low comment code ratio
09/18/19 21:54:38 -   -> processing quality rule: Avoid Classes with a High Number Of Children
09/18/19 21:54:38 -   -> processing quality rule: Avoid undocumented Function
09/18/19 21:54:38 -   -> processing quality rule: Avoid undocumented Methods
09/18/19 21:54:38 -   -> processing quality rule: Avoid large Artifacts - too many Lines of Code
09/18/19 21:54:38 -   -> processing quality rule: Avoid Methods with a very low comment code ratio
09/18/19 21:54:38 - [END] Process Quality Rules
09/18/19 21:54:38 - [END] Compute Quality Rules
09/18/19 22:05:18 - [START] Compute Quality Rules
09/18/19 22:05:21 -   ->  quality rule DISABLED: 7776	Avoid Artifacts with High Fan-In
09/18/19 22:05:21 -   ->  quality rule DISABLED: 7778	Avoid Artifacts with High Fan-Out
09/18/19 22:05:21 -   ->  quality rule DISABLED: 7784	Avoid Artifacts with lines longer than 120 characters
09/18/19 22:05:21 -   ->  quality rule DISABLED: 7830	Avoid unreferenced Interfaces
09/18/19 22:05:21 -   ->  quality rule DISABLED: 2230	Use of style sheets
09/18/19 22:05:21 -   ->  quality rule DISABLED: 7378	Use of style sheets
09/18/19 22:05:21 -   ->  quality rule DISABLED: 7908	Avoid unreferenced Methods
09/18/19 22:05:21 - [START] load object, links and properties
09/18/19 22:05:21 -   -> loading objects from file: output\Shopping_Cart-Mongodb_80ac4dec4d6de4701df0c521848c0009ec960070_cd626c4bb37f7bebed3b584d7f59684d8a04a0f0\repository\UA_HTML5\ObjectDescriptors_1.json (1/3)
09/18/19 22:05:21 -   -> loading objects from file: output\Shopping_Cart-Mongodb_80ac4dec4d6de4701df0c521848c0009ec960070_cd626c4bb37f7bebed3b584d7f59684d8a04a0f0\repository\UA_HTML5\ObjectDescriptors_2.json (2/3)
09/18/19 22:05:21 -   -> loading objects from file: output\Shopping_Cart-Mongodb_80ac4dec4d6de4701df0c521848c0009ec960070_cd626c4bb37f7bebed3b584d7f59684d8a04a0f0\repository\UA_HTML5\ObjectDescriptors_3.json (3/3)
09/18/19 22:05:21 -   -> loading links from file:output\Shopping_Cart-Mongodb_80ac4dec4d6de4701df0c521848c0009ec960070_cd626c4bb37f7bebed3b584d7f59684d8a04a0f0\repository\UA_HTML5\ObjectDescriptors_1.json (1/3)
09/18/19 22:05:21 -   -> loading links from file:output\Shopping_Cart-Mongodb_80ac4dec4d6de4701df0c521848c0009ec960070_cd626c4bb37f7bebed3b584d7f59684d8a04a0f0\repository\UA_HTML5\ObjectDescriptors_2.json (2/3)
09/18/19 22:05:21 -   -> loading links from file:output\Shopping_Cart-Mongodb_80ac4dec4d6de4701df0c521848c0009ec960070_cd626c4bb37f7bebed3b584d7f59684d8a04a0f0\repository\UA_HTML5\ObjectDescriptors_3.json (3/3)
09/18/19 22:05:21 -   Total loaded: 
09/18/19 22:05:21 -     603 objects
09/18/19 22:05:21 -     777 links
09/18/19 22:05:21 -     1488 properties
09/18/19 22:05:21 - [END] load object, links and properties
09/18/19 22:05:21 - [START] Process Quality Rules
09/18/19 22:05:21 -   -> processing quality rule: Avoid_direct_definition_of_JavaScript_Functions_in_a_Web_page
09/18/19 22:05:21 -   -> processing quality rule: Avoid artifacts having recursive calls
09/18/19 22:05:21 -   -> processing quality rule: Avoid Artifacts with High Cyclomatic Complexity
09/18/19 22:05:21 -   -> processing quality rule: Avoid Artifacts with High Depth of Code
09/18/19 22:05:21 -   -> processing quality rule: Avoid Artifacts with High Essential Complexity
09/18/19 22:05:21 -   -> processing quality rule: Avoid Artifacts with High Integration Complexity
09/18/19 22:05:21 -   -> processing quality rule: Avoid Classes with a very low comment code ratio
09/18/19 22:05:21 -   -> processing quality rule: Avoid Classes with a High Number Of Children
09/18/19 22:05:21 -   -> processing quality rule: Avoid undocumented Function
09/18/19 22:05:21 -   -> processing quality rule: Avoid undocumented Methods
09/18/19 22:05:21 -   -> processing quality rule: Avoid large Artifacts - too many Lines of Code
09/18/19 22:05:21 -   -> processing quality rule: Avoid Methods with a very low comment code ratio
09/18/19 22:05:21 - [END] Process Quality Rules
09/18/19 22:05:21 - [END] Compute Quality Rules
