09/18/19 20:17:02 - [START] Compute Quality Rules
09/18/19 20:17:04 -   ->  quality rule DISABLED: 7776	Avoid Artifacts with High Fan-In
09/18/19 20:17:04 -   ->  quality rule DISABLED: 7778	Avoid Artifacts with High Fan-Out
09/18/19 20:17:04 -   ->  quality rule DISABLED: 7784	Avoid Artifacts with lines longer than 120 characters
09/18/19 20:17:04 -   ->  quality rule DISABLED: 7830	Avoid unreferenced Interfaces
09/18/19 20:17:04 - [START] load object, links and properties
09/18/19 20:17:04 -   -> loading objects from file: output\Abhyuday--Event-Management-Project-_ef843e1f70362de8888cda6c790f04929042aa1d_f52a5a6e4d3c9785012b7bb949ed655c11942816\repository\UA_SQLScript\ObjectDescriptors_1.json (1/1)
09/18/19 20:17:04 -   -> loading links from file:output\Abhyuday--Event-Management-Project-_ef843e1f70362de8888cda6c790f04929042aa1d_f52a5a6e4d3c9785012b7bb949ed655c11942816\repository\UA_SQLScript\ObjectDescriptors_1.json (1/1)
09/18/19 20:17:04 -   Total loaded: 
09/18/19 20:17:04 -     98 objects
09/18/19 20:17:04 -     20 links
09/18/19 20:17:04 -     285 properties
09/18/19 20:17:05 - [END] load object, links and properties
09/18/19 20:17:05 - [START] Process Quality Rules
09/18/19 20:17:05 -   -> processing quality rule: Avoid Artifacts with High Cyclomatic Complexity
09/18/19 20:17:05 -   -> processing quality rule: Avoid Artifacts with High Depth of Code
09/18/19 20:17:05 -   -> processing quality rule: Avoid Artifacts with High Essential Complexity
09/18/19 20:17:05 -   -> processing quality rule: Avoid Artifacts with High Integration Complexity
09/18/19 20:17:05 -   -> processing quality rule: Avoid Classes with a very low comment code ratio
09/18/19 20:17:05 -   -> processing quality rule: Avoid Classes with a High Number Of Children
09/18/19 20:17:05 -   -> processing quality rule: Avoid undocumented Function
09/18/19 20:17:05 -   -> processing quality rule: Avoid undocumented Methods
09/18/19 20:17:05 -   -> processing quality rule: Avoid large Artifacts - too many Lines of Code
09/18/19 20:17:05 -   -> processing quality rule: Avoid Methods with a very low comment code ratio
09/18/19 20:17:05 - [END] Process Quality Rules
09/18/19 20:17:05 - [END] Compute Quality Rules
09/18/19 20:17:02 - [START] Compute Quality Rules
09/18/19 20:17:05 -   ->  quality rule DISABLED: 7776	Avoid Artifacts with High Fan-In
09/18/19 20:17:05 -   ->  quality rule DISABLED: 7778	Avoid Artifacts with High Fan-Out
09/18/19 20:17:05 -   ->  quality rule DISABLED: 7784	Avoid Artifacts with lines longer than 120 characters
09/18/19 20:17:05 -   ->  quality rule DISABLED: 7830	Avoid unreferenced Interfaces
09/18/19 20:17:05 -   ->  quality rule DISABLED: 2230	Use of style sheets
09/18/19 20:17:05 -   ->  quality rule DISABLED: 7378	Use of style sheets
09/18/19 20:17:05 -   ->  quality rule DISABLED: 7908	Avoid unreferenced Methods
09/18/19 20:17:05 - [START] load object, links and properties
09/18/19 20:17:05 -   -> loading objects from file: output\Abhyuday--Event-Management-Project-_ef843e1f70362de8888cda6c790f04929042aa1d_f52a5a6e4d3c9785012b7bb949ed655c11942816\repository\UA_HTML5\ObjectDescriptors_1.json (1/6)
09/18/19 20:17:05 -   -> loading objects from file: output\Abhyuday--Event-Management-Project-_ef843e1f70362de8888cda6c790f04929042aa1d_f52a5a6e4d3c9785012b7bb949ed655c11942816\repository\UA_HTML5\ObjectDescriptors_2.json (2/6)
09/18/19 20:17:05 -   -> loading objects from file: output\Abhyuday--Event-Management-Project-_ef843e1f70362de8888cda6c790f04929042aa1d_f52a5a6e4d3c9785012b7bb949ed655c11942816\repository\UA_HTML5\ObjectDescriptors_3.json (3/6)
09/18/19 20:17:05 -   -> loading objects from file: output\Abhyuday--Event-Management-Project-_ef843e1f70362de8888cda6c790f04929042aa1d_f52a5a6e4d3c9785012b7bb949ed655c11942816\repository\UA_HTML5\ObjectDescriptors_4.json (4/6)
09/18/19 20:17:05 -   -> loading objects from file: output\Abhyuday--Event-Management-Project-_ef843e1f70362de8888cda6c790f04929042aa1d_f52a5a6e4d3c9785012b7bb949ed655c11942816\repository\UA_HTML5\ObjectDescriptors_5.json (5/6)
09/18/19 20:17:05 -   -> loading objects from file: output\Abhyuday--Event-Management-Project-_ef843e1f70362de8888cda6c790f04929042aa1d_f52a5a6e4d3c9785012b7bb949ed655c11942816\repository\UA_HTML5\ObjectDescriptors_6.json (6/6)
09/18/19 20:17:05 -   -> loading links from file:output\Abhyuday--Event-Management-Project-_ef843e1f70362de8888cda6c790f04929042aa1d_f52a5a6e4d3c9785012b7bb949ed655c11942816\repository\UA_HTML5\ObjectDescriptors_1.json (1/6)
09/18/19 20:17:05 -   -> loading links from file:output\Abhyuday--Event-Management-Project-_ef843e1f70362de8888cda6c790f04929042aa1d_f52a5a6e4d3c9785012b7bb949ed655c11942816\repository\UA_HTML5\ObjectDescriptors_2.json (2/6)
09/18/19 20:17:05 -   -> loading links from file:output\Abhyuday--Event-Management-Project-_ef843e1f70362de8888cda6c790f04929042aa1d_f52a5a6e4d3c9785012b7bb949ed655c11942816\repository\UA_HTML5\ObjectDescriptors_3.json (3/6)
09/18/19 20:17:05 -   -> loading links from file:output\Abhyuday--Event-Management-Project-_ef843e1f70362de8888cda6c790f04929042aa1d_f52a5a6e4d3c9785012b7bb949ed655c11942816\repository\UA_HTML5\ObjectDescriptors_4.json (4/6)
09/18/19 20:17:05 -   -> loading links from file:output\Abhyuday--Event-Management-Project-_ef843e1f70362de8888cda6c790f04929042aa1d_f52a5a6e4d3c9785012b7bb949ed655c11942816\repository\UA_HTML5\ObjectDescriptors_5.json (5/6)
09/18/19 20:17:05 -   -> loading links from file:output\Abhyuday--Event-Management-Project-_ef843e1f70362de8888cda6c790f04929042aa1d_f52a5a6e4d3c9785012b7bb949ed655c11942816\repository\UA_HTML5\ObjectDescriptors_6.json (6/6)
09/18/19 20:17:05 -   Total loaded: 
09/18/19 20:17:05 -     1289 objects
09/18/19 20:17:05 -     1703 links
09/18/19 20:17:05 -     2896 properties
09/18/19 20:17:05 - [END] load object, links and properties
09/18/19 20:17:05 - [START] Process Quality Rules
09/18/19 20:17:05 -   -> processing quality rule: Avoid_direct_definition_of_JavaScript_Functions_in_a_Web_page
09/18/19 20:17:05 -   -> processing quality rule: Avoid artifacts having recursive calls
09/18/19 20:17:05 -   -> processing quality rule: Avoid Artifacts with High Cyclomatic Complexity
09/18/19 20:17:05 -   -> processing quality rule: Avoid Artifacts with High Depth of Code
09/18/19 20:17:05 -   -> processing quality rule: Avoid Artifacts with High Essential Complexity
09/18/19 20:17:05 -   -> processing quality rule: Avoid Artifacts with High Integration Complexity
09/18/19 20:17:05 -   -> processing quality rule: Avoid Classes with a very low comment code ratio
09/18/19 20:17:05 -   -> processing quality rule: Avoid Classes with a High Number Of Children
09/18/19 20:17:05 -   -> processing quality rule: Avoid undocumented Function
09/18/19 20:17:05 -   -> processing quality rule: Avoid undocumented Methods
09/18/19 20:17:05 -   -> processing quality rule: Avoid large Artifacts - too many Lines of Code
09/18/19 20:17:05 -   -> processing quality rule: Avoid Methods with a very low comment code ratio
09/18/19 20:17:05 - [END] Process Quality Rules
09/18/19 20:17:05 - [END] Compute Quality Rules
09/18/19 20:45:47 - [START] Compute Quality Rules
09/18/19 20:45:52 -   ->  quality rule DISABLED: 7776	Avoid Artifacts with High Fan-In
09/18/19 20:45:52 -   ->  quality rule DISABLED: 7778	Avoid Artifacts with High Fan-Out
09/18/19 20:45:52 -   ->  quality rule DISABLED: 7784	Avoid Artifacts with lines longer than 120 characters
09/18/19 20:45:52 -   ->  quality rule DISABLED: 7830	Avoid unreferenced Interfaces
09/18/19 20:45:52 - [START] load object, links and properties
09/18/19 20:45:52 -   -> loading objects from file: output\Abhyuday--Event-Management-Project-_ef843e1f70362de8888cda6c790f04929042aa1d_f52a5a6e4d3c9785012b7bb949ed655c11942816\repository\UA_SQLScript\ObjectDescriptors_1.json (1/1)
09/18/19 20:45:52 -   -> loading links from file:output\Abhyuday--Event-Management-Project-_ef843e1f70362de8888cda6c790f04929042aa1d_f52a5a6e4d3c9785012b7bb949ed655c11942816\repository\UA_SQLScript\ObjectDescriptors_1.json (1/1)
09/18/19 20:45:52 -   Total loaded: 
09/18/19 20:45:52 -     98 objects
09/18/19 20:45:52 -     20 links
09/18/19 20:45:52 -     285 properties
09/18/19 20:45:52 - [END] load object, links and properties
09/18/19 20:45:52 - [START] Process Quality Rules
09/18/19 20:45:52 -   -> processing quality rule: Avoid Artifacts with High Cyclomatic Complexity
09/18/19 20:45:52 -   -> processing quality rule: Avoid Artifacts with High Depth of Code
09/18/19 20:45:52 -   -> processing quality rule: Avoid Artifacts with High Essential Complexity
09/18/19 20:45:52 -   -> processing quality rule: Avoid Artifacts with High Integration Complexity
09/18/19 20:45:52 -   -> processing quality rule: Avoid Classes with a very low comment code ratio
09/18/19 20:45:52 -   -> processing quality rule: Avoid Classes with a High Number Of Children
09/18/19 20:45:52 -   -> processing quality rule: Avoid undocumented Function
09/18/19 20:45:52 -   -> processing quality rule: Avoid undocumented Methods
09/18/19 20:45:52 -   -> processing quality rule: Avoid large Artifacts - too many Lines of Code
09/18/19 20:45:52 -   -> processing quality rule: Avoid Methods with a very low comment code ratio
09/18/19 20:45:52 - [END] Process Quality Rules
09/18/19 20:45:52 - [END] Compute Quality Rules
09/18/19 20:45:48 - [START] Compute Quality Rules
09/18/19 20:45:52 -   ->  quality rule DISABLED: 7776	Avoid Artifacts with High Fan-In
09/18/19 20:45:52 -   ->  quality rule DISABLED: 7778	Avoid Artifacts with High Fan-Out
09/18/19 20:45:52 -   ->  quality rule DISABLED: 7784	Avoid Artifacts with lines longer than 120 characters
09/18/19 20:45:52 -   ->  quality rule DISABLED: 7830	Avoid unreferenced Interfaces
09/18/19 20:45:52 -   ->  quality rule DISABLED: 2230	Use of style sheets
09/18/19 20:45:52 -   ->  quality rule DISABLED: 7378	Use of style sheets
09/18/19 20:45:52 -   ->  quality rule DISABLED: 7908	Avoid unreferenced Methods
09/18/19 20:45:52 - [START] load object, links and properties
09/18/19 20:45:52 -   -> loading objects from file: output\Abhyuday--Event-Management-Project-_ef843e1f70362de8888cda6c790f04929042aa1d_f52a5a6e4d3c9785012b7bb949ed655c11942816\repository\UA_HTML5\ObjectDescriptors_1.json (1/6)
09/18/19 20:45:52 -   -> loading objects from file: output\Abhyuday--Event-Management-Project-_ef843e1f70362de8888cda6c790f04929042aa1d_f52a5a6e4d3c9785012b7bb949ed655c11942816\repository\UA_HTML5\ObjectDescriptors_2.json (2/6)
09/18/19 20:45:52 -   -> loading objects from file: output\Abhyuday--Event-Management-Project-_ef843e1f70362de8888cda6c790f04929042aa1d_f52a5a6e4d3c9785012b7bb949ed655c11942816\repository\UA_HTML5\ObjectDescriptors_3.json (3/6)
09/18/19 20:45:52 -   -> loading objects from file: output\Abhyuday--Event-Management-Project-_ef843e1f70362de8888cda6c790f04929042aa1d_f52a5a6e4d3c9785012b7bb949ed655c11942816\repository\UA_HTML5\ObjectDescriptors_4.json (4/6)
09/18/19 20:45:52 -   -> loading objects from file: output\Abhyuday--Event-Management-Project-_ef843e1f70362de8888cda6c790f04929042aa1d_f52a5a6e4d3c9785012b7bb949ed655c11942816\repository\UA_HTML5\ObjectDescriptors_5.json (5/6)
09/18/19 20:45:52 -   -> loading objects from file: output\Abhyuday--Event-Management-Project-_ef843e1f70362de8888cda6c790f04929042aa1d_f52a5a6e4d3c9785012b7bb949ed655c11942816\repository\UA_HTML5\ObjectDescriptors_6.json (6/6)
09/18/19 20:45:52 -   -> loading links from file:output\Abhyuday--Event-Management-Project-_ef843e1f70362de8888cda6c790f04929042aa1d_f52a5a6e4d3c9785012b7bb949ed655c11942816\repository\UA_HTML5\ObjectDescriptors_1.json (1/6)
09/18/19 20:45:52 -   -> loading links from file:output\Abhyuday--Event-Management-Project-_ef843e1f70362de8888cda6c790f04929042aa1d_f52a5a6e4d3c9785012b7bb949ed655c11942816\repository\UA_HTML5\ObjectDescriptors_2.json (2/6)
09/18/19 20:45:52 -   -> loading links from file:output\Abhyuday--Event-Management-Project-_ef843e1f70362de8888cda6c790f04929042aa1d_f52a5a6e4d3c9785012b7bb949ed655c11942816\repository\UA_HTML5\ObjectDescriptors_3.json (3/6)
09/18/19 20:45:52 -   -> loading links from file:output\Abhyuday--Event-Management-Project-_ef843e1f70362de8888cda6c790f04929042aa1d_f52a5a6e4d3c9785012b7bb949ed655c11942816\repository\UA_HTML5\ObjectDescriptors_4.json (4/6)
09/18/19 20:45:52 -   -> loading links from file:output\Abhyuday--Event-Management-Project-_ef843e1f70362de8888cda6c790f04929042aa1d_f52a5a6e4d3c9785012b7bb949ed655c11942816\repository\UA_HTML5\ObjectDescriptors_5.json (5/6)
09/18/19 20:45:53 -   -> loading links from file:output\Abhyuday--Event-Management-Project-_ef843e1f70362de8888cda6c790f04929042aa1d_f52a5a6e4d3c9785012b7bb949ed655c11942816\repository\UA_HTML5\ObjectDescriptors_6.json (6/6)
09/18/19 20:45:53 -   Total loaded: 
09/18/19 20:45:53 -     1289 objects
09/18/19 20:45:53 -     1703 links
09/18/19 20:45:53 -     2896 properties
09/18/19 20:45:53 - [END] load object, links and properties
09/18/19 20:45:53 - [START] Process Quality Rules
09/18/19 20:45:53 -   -> processing quality rule: Avoid_direct_definition_of_JavaScript_Functions_in_a_Web_page
09/18/19 20:45:53 -   -> processing quality rule: Avoid artifacts having recursive calls
09/18/19 20:45:53 -   -> processing quality rule: Avoid Artifacts with High Cyclomatic Complexity
09/18/19 20:45:53 -   -> processing quality rule: Avoid Artifacts with High Depth of Code
09/18/19 20:45:53 -   -> processing quality rule: Avoid Artifacts with High Essential Complexity
09/18/19 20:45:53 -   -> processing quality rule: Avoid Artifacts with High Integration Complexity
09/18/19 20:45:53 -   -> processing quality rule: Avoid Classes with a very low comment code ratio
09/18/19 20:45:53 -   -> processing quality rule: Avoid Classes with a High Number Of Children
09/18/19 20:45:53 -   -> processing quality rule: Avoid undocumented Function
09/18/19 20:45:53 -   -> processing quality rule: Avoid undocumented Methods
09/18/19 20:45:53 -   -> processing quality rule: Avoid large Artifacts - too many Lines of Code
09/18/19 20:45:53 -   -> processing quality rule: Avoid Methods with a very low comment code ratio
09/18/19 20:45:53 - [END] Process Quality Rules
09/18/19 20:45:53 - [END] Compute Quality Rules
