09/18/19 21:29:55 - [START] Compute Quality Rules
09/18/19 21:29:57 -   ->  quality rule DISABLED: 7776	Avoid Artifacts with High Fan-In
09/18/19 21:29:57 -   ->  quality rule DISABLED: 7778	Avoid Artifacts with High Fan-Out
09/18/19 21:29:57 -   ->  quality rule DISABLED: 7784	Avoid Artifacts with lines longer than 120 characters
09/18/19 21:29:57 -   ->  quality rule DISABLED: 7830	Avoid unreferenced Interfaces
09/18/19 21:29:57 -   ->  quality rule DISABLED: 2230	Use of style sheets
09/18/19 21:29:57 -   ->  quality rule DISABLED: 7378	Use of style sheets
09/18/19 21:29:57 -   ->  quality rule DISABLED: 7908	Avoid unreferenced Methods
09/18/19 21:29:57 - [START] load object, links and properties
09/18/19 21:29:57 -   -> loading objects from file: output\Shopping_Cart-Mongodb_80ac4dec4d6de4701df0c521848c0009ec960070_80ac4dec4d6de4701df0c521848c0009ec960070\repository\UA_HTML5\ObjectDescriptors_1.json (1/3)
09/18/19 21:29:57 -   -> loading objects from file: output\Shopping_Cart-Mongodb_80ac4dec4d6de4701df0c521848c0009ec960070_80ac4dec4d6de4701df0c521848c0009ec960070\repository\UA_HTML5\ObjectDescriptors_2.json (2/3)
09/18/19 21:29:57 -   -> loading objects from file: output\Shopping_Cart-Mongodb_80ac4dec4d6de4701df0c521848c0009ec960070_80ac4dec4d6de4701df0c521848c0009ec960070\repository\UA_HTML5\ObjectDescriptors_3.json (3/3)
09/18/19 21:29:57 -   -> loading links from file:output\Shopping_Cart-Mongodb_80ac4dec4d6de4701df0c521848c0009ec960070_80ac4dec4d6de4701df0c521848c0009ec960070\repository\UA_HTML5\ObjectDescriptors_1.json (1/3)
09/18/19 21:29:57 -   -> loading links from file:output\Shopping_Cart-Mongodb_80ac4dec4d6de4701df0c521848c0009ec960070_80ac4dec4d6de4701df0c521848c0009ec960070\repository\UA_HTML5\ObjectDescriptors_2.json (2/3)
09/18/19 21:29:57 -   -> loading links from file:output\Shopping_Cart-Mongodb_80ac4dec4d6de4701df0c521848c0009ec960070_80ac4dec4d6de4701df0c521848c0009ec960070\repository\UA_HTML5\ObjectDescriptors_3.json (3/3)
09/18/19 21:29:57 -   Total loaded: 
09/18/19 21:29:57 -     603 objects
09/18/19 21:29:57 -     777 links
09/18/19 21:29:57 -     1488 properties
09/18/19 21:29:57 - [END] load object, links and properties
09/18/19 21:29:57 - [START] Process Quality Rules
09/18/19 21:29:57 -   -> processing quality rule: Avoid_direct_definition_of_JavaScript_Functions_in_a_Web_page
09/18/19 21:29:57 -   -> processing quality rule: Avoid artifacts having recursive calls
09/18/19 21:29:57 -   -> processing quality rule: Avoid Artifacts with High Cyclomatic Complexity
09/18/19 21:29:57 -   -> processing quality rule: Avoid Artifacts with High Depth of Code
09/18/19 21:29:57 -   -> processing quality rule: Avoid Artifacts with High Essential Complexity
09/18/19 21:29:57 -   -> processing quality rule: Avoid Artifacts with High Integration Complexity
09/18/19 21:29:57 -   -> processing quality rule: Avoid Classes with a very low comment code ratio
09/18/19 21:29:57 -   -> processing quality rule: Avoid Classes with a High Number Of Children
09/18/19 21:29:57 -   -> processing quality rule: Avoid undocumented Function
09/18/19 21:29:57 -   -> processing quality rule: Avoid undocumented Methods
09/18/19 21:29:57 -   -> processing quality rule: Avoid large Artifacts - too many Lines of Code
09/18/19 21:29:57 -   -> processing quality rule: Avoid Methods with a very low comment code ratio
09/18/19 21:29:57 - [END] Process Quality Rules
09/18/19 21:29:57 - [END] Compute Quality Rules
09/18/19 21:42:26 - [START] Compute Quality Rules
09/18/19 21:42:28 -   ->  quality rule DISABLED: 7776	Avoid Artifacts with High Fan-In
09/18/19 21:42:28 -   ->  quality rule DISABLED: 7778	Avoid Artifacts with High Fan-Out
09/18/19 21:42:28 -   ->  quality rule DISABLED: 7784	Avoid Artifacts with lines longer than 120 characters
09/18/19 21:42:28 -   ->  quality rule DISABLED: 7830	Avoid unreferenced Interfaces
09/18/19 21:42:28 -   ->  quality rule DISABLED: 2230	Use of style sheets
09/18/19 21:42:28 -   ->  quality rule DISABLED: 7378	Use of style sheets
09/18/19 21:42:28 -   ->  quality rule DISABLED: 7908	Avoid unreferenced Methods
09/18/19 21:42:28 - [START] load object, links and properties
09/18/19 21:42:28 -   -> loading objects from file: output\Shopping_Cart-Mongodb_80ac4dec4d6de4701df0c521848c0009ec960070_80ac4dec4d6de4701df0c521848c0009ec960070\repository\UA_HTML5\ObjectDescriptors_1.json (1/3)
09/18/19 21:42:28 -   -> loading objects from file: output\Shopping_Cart-Mongodb_80ac4dec4d6de4701df0c521848c0009ec960070_80ac4dec4d6de4701df0c521848c0009ec960070\repository\UA_HTML5\ObjectDescriptors_2.json (2/3)
09/18/19 21:42:28 -   -> loading objects from file: output\Shopping_Cart-Mongodb_80ac4dec4d6de4701df0c521848c0009ec960070_80ac4dec4d6de4701df0c521848c0009ec960070\repository\UA_HTML5\ObjectDescriptors_3.json (3/3)
09/18/19 21:42:28 -   -> loading links from file:output\Shopping_Cart-Mongodb_80ac4dec4d6de4701df0c521848c0009ec960070_80ac4dec4d6de4701df0c521848c0009ec960070\repository\UA_HTML5\ObjectDescriptors_1.json (1/3)
09/18/19 21:42:28 -   -> loading links from file:output\Shopping_Cart-Mongodb_80ac4dec4d6de4701df0c521848c0009ec960070_80ac4dec4d6de4701df0c521848c0009ec960070\repository\UA_HTML5\ObjectDescriptors_2.json (2/3)
09/18/19 21:42:28 -   -> loading links from file:output\Shopping_Cart-Mongodb_80ac4dec4d6de4701df0c521848c0009ec960070_80ac4dec4d6de4701df0c521848c0009ec960070\repository\UA_HTML5\ObjectDescriptors_3.json (3/3)
09/18/19 21:42:28 -   Total loaded: 
09/18/19 21:42:28 -     603 objects
09/18/19 21:42:28 -     777 links
09/18/19 21:42:28 -     1488 properties
09/18/19 21:42:28 - [END] load object, links and properties
09/18/19 21:42:28 - [START] Process Quality Rules
09/18/19 21:42:28 -   -> processing quality rule: Avoid_direct_definition_of_JavaScript_Functions_in_a_Web_page
09/18/19 21:42:28 -   -> processing quality rule: Avoid artifacts having recursive calls
09/18/19 21:42:28 -   -> processing quality rule: Avoid Artifacts with High Cyclomatic Complexity
09/18/19 21:42:28 -   -> processing quality rule: Avoid Artifacts with High Depth of Code
09/18/19 21:42:28 -   -> processing quality rule: Avoid Artifacts with High Essential Complexity
09/18/19 21:42:28 -   -> processing quality rule: Avoid Artifacts with High Integration Complexity
09/18/19 21:42:28 -   -> processing quality rule: Avoid Classes with a very low comment code ratio
09/18/19 21:42:28 -   -> processing quality rule: Avoid Classes with a High Number Of Children
09/18/19 21:42:28 -   -> processing quality rule: Avoid undocumented Function
09/18/19 21:42:28 -   -> processing quality rule: Avoid undocumented Methods
09/18/19 21:42:28 -   -> processing quality rule: Avoid large Artifacts - too many Lines of Code
09/18/19 21:42:28 -   -> processing quality rule: Avoid Methods with a very low comment code ratio
09/18/19 21:42:28 - [END] Process Quality Rules
09/18/19 21:42:28 - [END] Compute Quality Rules
09/18/19 21:48:58 - [START] Compute Quality Rules
09/18/19 21:48:59 -   ->  quality rule DISABLED: 7776	Avoid Artifacts with High Fan-In
09/18/19 21:48:59 -   ->  quality rule DISABLED: 7778	Avoid Artifacts with High Fan-Out
09/18/19 21:48:59 -   ->  quality rule DISABLED: 7784	Avoid Artifacts with lines longer than 120 characters
09/18/19 21:48:59 -   ->  quality rule DISABLED: 7830	Avoid unreferenced Interfaces
09/18/19 21:48:59 -   ->  quality rule DISABLED: 2230	Use of style sheets
09/18/19 21:48:59 -   ->  quality rule DISABLED: 7378	Use of style sheets
09/18/19 21:48:59 -   ->  quality rule DISABLED: 7908	Avoid unreferenced Methods
09/18/19 21:48:59 - [START] load object, links and properties
09/18/19 21:48:59 -   -> loading objects from file: output\Shopping_Cart-Mongodb_80ac4dec4d6de4701df0c521848c0009ec960070_80ac4dec4d6de4701df0c521848c0009ec960070\repository\UA_HTML5\ObjectDescriptors_1.json (1/3)
09/18/19 21:48:59 -   -> loading objects from file: output\Shopping_Cart-Mongodb_80ac4dec4d6de4701df0c521848c0009ec960070_80ac4dec4d6de4701df0c521848c0009ec960070\repository\UA_HTML5\ObjectDescriptors_2.json (2/3)
09/18/19 21:48:59 -   -> loading objects from file: output\Shopping_Cart-Mongodb_80ac4dec4d6de4701df0c521848c0009ec960070_80ac4dec4d6de4701df0c521848c0009ec960070\repository\UA_HTML5\ObjectDescriptors_3.json (3/3)
09/18/19 21:48:59 -   -> loading links from file:output\Shopping_Cart-Mongodb_80ac4dec4d6de4701df0c521848c0009ec960070_80ac4dec4d6de4701df0c521848c0009ec960070\repository\UA_HTML5\ObjectDescriptors_1.json (1/3)
09/18/19 21:48:59 -   -> loading links from file:output\Shopping_Cart-Mongodb_80ac4dec4d6de4701df0c521848c0009ec960070_80ac4dec4d6de4701df0c521848c0009ec960070\repository\UA_HTML5\ObjectDescriptors_2.json (2/3)
09/18/19 21:48:59 -   -> loading links from file:output\Shopping_Cart-Mongodb_80ac4dec4d6de4701df0c521848c0009ec960070_80ac4dec4d6de4701df0c521848c0009ec960070\repository\UA_HTML5\ObjectDescriptors_3.json (3/3)
09/18/19 21:48:59 -   Total loaded: 
09/18/19 21:48:59 -     603 objects
09/18/19 21:48:59 -     777 links
09/18/19 21:48:59 -     1488 properties
09/18/19 21:48:59 - [END] load object, links and properties
09/18/19 21:48:59 - [START] Process Quality Rules
09/18/19 21:48:59 -   -> processing quality rule: Avoid_direct_definition_of_JavaScript_Functions_in_a_Web_page
09/18/19 21:48:59 -   -> processing quality rule: Avoid artifacts having recursive calls
09/18/19 21:48:59 -   -> processing quality rule: Avoid Artifacts with High Cyclomatic Complexity
09/18/19 21:48:59 -   -> processing quality rule: Avoid Artifacts with High Depth of Code
09/18/19 21:48:59 -   -> processing quality rule: Avoid Artifacts with High Essential Complexity
09/18/19 21:48:59 -   -> processing quality rule: Avoid Artifacts with High Integration Complexity
09/18/19 21:48:59 -   -> processing quality rule: Avoid Classes with a very low comment code ratio
09/18/19 21:48:59 -   -> processing quality rule: Avoid Classes with a High Number Of Children
09/18/19 21:48:59 -   -> processing quality rule: Avoid undocumented Function
09/18/19 21:48:59 -   -> processing quality rule: Avoid undocumented Methods
09/18/19 21:48:59 -   -> processing quality rule: Avoid large Artifacts - too many Lines of Code
09/18/19 21:48:59 -   -> processing quality rule: Avoid Methods with a very low comment code ratio
09/18/19 21:48:59 - [END] Process Quality Rules
09/18/19 21:48:59 - [END] Compute Quality Rules
09/18/19 21:59:29 - [START] Compute Quality Rules
09/18/19 21:59:30 -   ->  quality rule DISABLED: 7776	Avoid Artifacts with High Fan-In
09/18/19 21:59:30 -   ->  quality rule DISABLED: 7778	Avoid Artifacts with High Fan-Out
09/18/19 21:59:30 -   ->  quality rule DISABLED: 7784	Avoid Artifacts with lines longer than 120 characters
09/18/19 21:59:30 -   ->  quality rule DISABLED: 7830	Avoid unreferenced Interfaces
09/18/19 21:59:30 -   ->  quality rule DISABLED: 2230	Use of style sheets
09/18/19 21:59:30 -   ->  quality rule DISABLED: 7378	Use of style sheets
09/18/19 21:59:30 -   ->  quality rule DISABLED: 7908	Avoid unreferenced Methods
09/18/19 21:59:30 - [START] load object, links and properties
09/18/19 21:59:30 -   -> loading objects from file: output\Shopping_Cart-Mongodb_80ac4dec4d6de4701df0c521848c0009ec960070_80ac4dec4d6de4701df0c521848c0009ec960070\repository\UA_HTML5\ObjectDescriptors_1.json (1/3)
09/18/19 21:59:30 -   -> loading objects from file: output\Shopping_Cart-Mongodb_80ac4dec4d6de4701df0c521848c0009ec960070_80ac4dec4d6de4701df0c521848c0009ec960070\repository\UA_HTML5\ObjectDescriptors_2.json (2/3)
09/18/19 21:59:30 -   -> loading objects from file: output\Shopping_Cart-Mongodb_80ac4dec4d6de4701df0c521848c0009ec960070_80ac4dec4d6de4701df0c521848c0009ec960070\repository\UA_HTML5\ObjectDescriptors_3.json (3/3)
09/18/19 21:59:30 -   -> loading links from file:output\Shopping_Cart-Mongodb_80ac4dec4d6de4701df0c521848c0009ec960070_80ac4dec4d6de4701df0c521848c0009ec960070\repository\UA_HTML5\ObjectDescriptors_1.json (1/3)
09/18/19 21:59:30 -   -> loading links from file:output\Shopping_Cart-Mongodb_80ac4dec4d6de4701df0c521848c0009ec960070_80ac4dec4d6de4701df0c521848c0009ec960070\repository\UA_HTML5\ObjectDescriptors_2.json (2/3)
09/18/19 21:59:30 -   -> loading links from file:output\Shopping_Cart-Mongodb_80ac4dec4d6de4701df0c521848c0009ec960070_80ac4dec4d6de4701df0c521848c0009ec960070\repository\UA_HTML5\ObjectDescriptors_3.json (3/3)
09/18/19 21:59:30 -   Total loaded: 
09/18/19 21:59:30 -     603 objects
09/18/19 21:59:30 -     777 links
09/18/19 21:59:30 -     1488 properties
09/18/19 21:59:30 - [END] load object, links and properties
09/18/19 21:59:30 - [START] Process Quality Rules
09/18/19 21:59:30 -   -> processing quality rule: Avoid_direct_definition_of_JavaScript_Functions_in_a_Web_page
09/18/19 21:59:30 -   -> processing quality rule: Avoid artifacts having recursive calls
09/18/19 21:59:30 -   -> processing quality rule: Avoid Artifacts with High Cyclomatic Complexity
09/18/19 21:59:30 -   -> processing quality rule: Avoid Artifacts with High Depth of Code
09/18/19 21:59:30 -   -> processing quality rule: Avoid Artifacts with High Essential Complexity
09/18/19 21:59:30 -   -> processing quality rule: Avoid Artifacts with High Integration Complexity
09/18/19 21:59:30 -   -> processing quality rule: Avoid Classes with a very low comment code ratio
09/18/19 21:59:30 -   -> processing quality rule: Avoid Classes with a High Number Of Children
09/18/19 21:59:30 -   -> processing quality rule: Avoid undocumented Function
09/18/19 21:59:30 -   -> processing quality rule: Avoid undocumented Methods
09/18/19 21:59:30 -   -> processing quality rule: Avoid large Artifacts - too many Lines of Code
09/18/19 21:59:30 -   -> processing quality rule: Avoid Methods with a very low comment code ratio
09/18/19 21:59:30 - [END] Process Quality Rules
09/18/19 21:59:30 - [END] Compute Quality Rules
09/19/19 13:46:06 - [START] Compute Quality Rules
09/19/19 13:46:10 -   ->  quality rule DISABLED: 7776	Avoid Artifacts with High Fan-In
09/19/19 13:46:10 -   ->  quality rule DISABLED: 7778	Avoid Artifacts with High Fan-Out
09/19/19 13:46:10 -   ->  quality rule DISABLED: 7784	Avoid Artifacts with lines longer than 120 characters
09/19/19 13:46:10 -   ->  quality rule DISABLED: 7830	Avoid unreferenced Interfaces
09/19/19 13:46:10 -   ->  quality rule DISABLED: 2230	Use of style sheets
09/19/19 13:46:10 -   ->  quality rule DISABLED: 7378	Use of style sheets
09/19/19 13:46:10 -   ->  quality rule DISABLED: 7908	Avoid unreferenced Methods
09/19/19 13:46:10 - [START] load object, links and properties
09/19/19 13:46:10 -   -> loading objects from file: output\Shopping_Cart-Mongodb_80ac4dec4d6de4701df0c521848c0009ec960070_80ac4dec4d6de4701df0c521848c0009ec960070\repository\UA_HTML5\ObjectDescriptors_1.json (1/3)
09/19/19 13:46:10 -   -> loading objects from file: output\Shopping_Cart-Mongodb_80ac4dec4d6de4701df0c521848c0009ec960070_80ac4dec4d6de4701df0c521848c0009ec960070\repository\UA_HTML5\ObjectDescriptors_2.json (2/3)
09/19/19 13:46:10 -   -> loading objects from file: output\Shopping_Cart-Mongodb_80ac4dec4d6de4701df0c521848c0009ec960070_80ac4dec4d6de4701df0c521848c0009ec960070\repository\UA_HTML5\ObjectDescriptors_3.json (3/3)
09/19/19 13:46:10 -   -> loading links from file:output\Shopping_Cart-Mongodb_80ac4dec4d6de4701df0c521848c0009ec960070_80ac4dec4d6de4701df0c521848c0009ec960070\repository\UA_HTML5\ObjectDescriptors_1.json (1/3)
09/19/19 13:46:10 -   -> loading links from file:output\Shopping_Cart-Mongodb_80ac4dec4d6de4701df0c521848c0009ec960070_80ac4dec4d6de4701df0c521848c0009ec960070\repository\UA_HTML5\ObjectDescriptors_2.json (2/3)
09/19/19 13:46:10 -   -> loading links from file:output\Shopping_Cart-Mongodb_80ac4dec4d6de4701df0c521848c0009ec960070_80ac4dec4d6de4701df0c521848c0009ec960070\repository\UA_HTML5\ObjectDescriptors_3.json (3/3)
09/19/19 13:46:10 -   Total loaded: 
09/19/19 13:46:10 -     603 objects
09/19/19 13:46:10 -     777 links
09/19/19 13:46:10 -     1488 properties
09/19/19 13:46:10 - [END] load object, links and properties
09/19/19 13:46:10 - [START] Process Quality Rules
09/19/19 13:46:10 -   -> processing quality rule: Avoid_direct_definition_of_JavaScript_Functions_in_a_Web_page
09/19/19 13:46:10 -   -> processing quality rule: Avoid artifacts having recursive calls
09/19/19 13:46:10 -   -> processing quality rule: Avoid Artifacts with High Cyclomatic Complexity
09/19/19 13:46:10 -   -> processing quality rule: Avoid Artifacts with High Depth of Code
09/19/19 13:46:10 -   -> processing quality rule: Avoid Artifacts with High Essential Complexity
09/19/19 13:46:10 -   -> processing quality rule: Avoid Artifacts with High Integration Complexity
09/19/19 13:46:10 -   -> processing quality rule: Avoid Classes with a very low comment code ratio
09/19/19 13:46:10 -   -> processing quality rule: Avoid Classes with a High Number Of Children
09/19/19 13:46:10 -   -> processing quality rule: Avoid undocumented Function
09/19/19 13:46:10 -   -> processing quality rule: Avoid undocumented Methods
09/19/19 13:46:10 -   -> processing quality rule: Avoid large Artifacts - too many Lines of Code
09/19/19 13:46:10 -   -> processing quality rule: Avoid Methods with a very low comment code ratio
09/19/19 13:46:10 - [END] Process Quality Rules
09/19/19 13:46:10 - [END] Compute Quality Rules
