09/18/19 20:22:05 - [START] Compute Quality Rules
09/18/19 20:22:08 -   ->  quality rule DISABLED: 7776	Avoid Artifacts with High Fan-In
09/18/19 20:22:08 -   ->  quality rule DISABLED: 7778	Avoid Artifacts with High Fan-Out
09/18/19 20:22:08 -   ->  quality rule DISABLED: 7784	Avoid Artifacts with lines longer than 120 characters
09/18/19 20:22:08 -   ->  quality rule DISABLED: 7830	Avoid unreferenced Interfaces
09/18/19 20:22:08 - [START] load object, links and properties
09/18/19 20:22:08 -   -> loading objects from file: output\Abhyuday--Event-Management-Project-_ef843e1f70362de8888cda6c790f04929042aa1d_5a2d901d08c036d0412d0c4659dc9896af4d194d\repository\UA_SQLScript\ObjectDescriptors_1.json (1/1)
09/18/19 20:22:08 -   -> loading links from file:output\Abhyuday--Event-Management-Project-_ef843e1f70362de8888cda6c790f04929042aa1d_5a2d901d08c036d0412d0c4659dc9896af4d194d\repository\UA_SQLScript\ObjectDescriptors_1.json (1/1)
09/18/19 20:22:08 -   Total loaded: 
09/18/19 20:22:08 -     98 objects
09/18/19 20:22:08 -     20 links
09/18/19 20:22:08 -     285 properties
09/18/19 20:22:08 - [END] load object, links and properties
09/18/19 20:22:08 - [START] Process Quality Rules
09/18/19 20:22:08 -   -> processing quality rule: Avoid Artifacts with High Cyclomatic Complexity
09/18/19 20:22:08 -   -> processing quality rule: Avoid Artifacts with High Depth of Code
09/18/19 20:22:08 -   -> processing quality rule: Avoid Artifacts with High Essential Complexity
09/18/19 20:22:08 -   -> processing quality rule: Avoid Artifacts with High Integration Complexity
09/18/19 20:22:08 -   -> processing quality rule: Avoid Classes with a very low comment code ratio
09/18/19 20:22:08 -   -> processing quality rule: Avoid Classes with a High Number Of Children
09/18/19 20:22:08 -   -> processing quality rule: Avoid undocumented Function
09/18/19 20:22:08 -   -> processing quality rule: Avoid undocumented Methods
09/18/19 20:22:08 -   -> processing quality rule: Avoid large Artifacts - too many Lines of Code
09/18/19 20:22:08 -   -> processing quality rule: Avoid Methods with a very low comment code ratio
09/18/19 20:22:08 - [END] Process Quality Rules
09/18/19 20:22:08 - [END] Compute Quality Rules
09/18/19 20:22:06 - [START] Compute Quality Rules
09/18/19 20:22:08 -   ->  quality rule DISABLED: 7776	Avoid Artifacts with High Fan-In
09/18/19 20:22:08 -   ->  quality rule DISABLED: 7778	Avoid Artifacts with High Fan-Out
09/18/19 20:22:08 -   ->  quality rule DISABLED: 7784	Avoid Artifacts with lines longer than 120 characters
09/18/19 20:22:08 -   ->  quality rule DISABLED: 7830	Avoid unreferenced Interfaces
09/18/19 20:22:08 -   ->  quality rule DISABLED: 2230	Use of style sheets
09/18/19 20:22:08 -   ->  quality rule DISABLED: 7378	Use of style sheets
09/18/19 20:22:08 -   ->  quality rule DISABLED: 7908	Avoid unreferenced Methods
09/18/19 20:22:08 - [START] load object, links and properties
09/18/19 20:22:08 -   -> loading objects from file: output\Abhyuday--Event-Management-Project-_ef843e1f70362de8888cda6c790f04929042aa1d_5a2d901d08c036d0412d0c4659dc9896af4d194d\repository\UA_HTML5\ObjectDescriptors_1.json (1/6)
09/18/19 20:22:08 -   -> loading objects from file: output\Abhyuday--Event-Management-Project-_ef843e1f70362de8888cda6c790f04929042aa1d_5a2d901d08c036d0412d0c4659dc9896af4d194d\repository\UA_HTML5\ObjectDescriptors_2.json (2/6)
09/18/19 20:22:08 -   -> loading objects from file: output\Abhyuday--Event-Management-Project-_ef843e1f70362de8888cda6c790f04929042aa1d_5a2d901d08c036d0412d0c4659dc9896af4d194d\repository\UA_HTML5\ObjectDescriptors_3.json (3/6)
09/18/19 20:22:08 -   -> loading objects from file: output\Abhyuday--Event-Management-Project-_ef843e1f70362de8888cda6c790f04929042aa1d_5a2d901d08c036d0412d0c4659dc9896af4d194d\repository\UA_HTML5\ObjectDescriptors_4.json (4/6)
09/18/19 20:22:08 -   -> loading objects from file: output\Abhyuday--Event-Management-Project-_ef843e1f70362de8888cda6c790f04929042aa1d_5a2d901d08c036d0412d0c4659dc9896af4d194d\repository\UA_HTML5\ObjectDescriptors_5.json (5/6)
09/18/19 20:22:08 -   -> loading objects from file: output\Abhyuday--Event-Management-Project-_ef843e1f70362de8888cda6c790f04929042aa1d_5a2d901d08c036d0412d0c4659dc9896af4d194d\repository\UA_HTML5\ObjectDescriptors_6.json (6/6)
09/18/19 20:22:08 -   -> loading links from file:output\Abhyuday--Event-Management-Project-_ef843e1f70362de8888cda6c790f04929042aa1d_5a2d901d08c036d0412d0c4659dc9896af4d194d\repository\UA_HTML5\ObjectDescriptors_1.json (1/6)
09/18/19 20:22:08 -   -> loading links from file:output\Abhyuday--Event-Management-Project-_ef843e1f70362de8888cda6c790f04929042aa1d_5a2d901d08c036d0412d0c4659dc9896af4d194d\repository\UA_HTML5\ObjectDescriptors_2.json (2/6)
09/18/19 20:22:08 -   -> loading links from file:output\Abhyuday--Event-Management-Project-_ef843e1f70362de8888cda6c790f04929042aa1d_5a2d901d08c036d0412d0c4659dc9896af4d194d\repository\UA_HTML5\ObjectDescriptors_3.json (3/6)
09/18/19 20:22:08 -   -> loading links from file:output\Abhyuday--Event-Management-Project-_ef843e1f70362de8888cda6c790f04929042aa1d_5a2d901d08c036d0412d0c4659dc9896af4d194d\repository\UA_HTML5\ObjectDescriptors_4.json (4/6)
09/18/19 20:22:08 -   -> loading links from file:output\Abhyuday--Event-Management-Project-_ef843e1f70362de8888cda6c790f04929042aa1d_5a2d901d08c036d0412d0c4659dc9896af4d194d\repository\UA_HTML5\ObjectDescriptors_5.json (5/6)
09/18/19 20:22:08 -   -> loading links from file:output\Abhyuday--Event-Management-Project-_ef843e1f70362de8888cda6c790f04929042aa1d_5a2d901d08c036d0412d0c4659dc9896af4d194d\repository\UA_HTML5\ObjectDescriptors_6.json (6/6)
09/18/19 20:22:08 -   Total loaded: 
09/18/19 20:22:08 -     1289 objects
09/18/19 20:22:08 -     1703 links
09/18/19 20:22:08 -     2896 properties
09/18/19 20:22:08 - [END] load object, links and properties
09/18/19 20:22:08 - [START] Process Quality Rules
09/18/19 20:22:08 -   -> processing quality rule: Avoid_direct_definition_of_JavaScript_Functions_in_a_Web_page
09/18/19 20:22:08 -   -> processing quality rule: Avoid artifacts having recursive calls
09/18/19 20:22:08 -   -> processing quality rule: Avoid Artifacts with High Cyclomatic Complexity
09/18/19 20:22:08 -   -> processing quality rule: Avoid Artifacts with High Depth of Code
09/18/19 20:22:08 -   -> processing quality rule: Avoid Artifacts with High Essential Complexity
09/18/19 20:22:08 -   -> processing quality rule: Avoid Artifacts with High Integration Complexity
09/18/19 20:22:08 -   -> processing quality rule: Avoid Classes with a very low comment code ratio
09/18/19 20:22:08 -   -> processing quality rule: Avoid Classes with a High Number Of Children
09/18/19 20:22:08 -   -> processing quality rule: Avoid undocumented Function
09/18/19 20:22:08 -   -> processing quality rule: Avoid undocumented Methods
09/18/19 20:22:08 -   -> processing quality rule: Avoid large Artifacts - too many Lines of Code
09/18/19 20:22:08 -   -> processing quality rule: Avoid Methods with a very low comment code ratio
09/18/19 20:22:08 - [END] Process Quality Rules
09/18/19 20:22:08 - [END] Compute Quality Rules
09/18/19 20:51:47 - [START] Compute Quality Rules
09/18/19 20:51:51 -   ->  quality rule DISABLED: 7776	Avoid Artifacts with High Fan-In
09/18/19 20:51:51 -   ->  quality rule DISABLED: 7778	Avoid Artifacts with High Fan-Out
09/18/19 20:51:51 -   ->  quality rule DISABLED: 7784	Avoid Artifacts with lines longer than 120 characters
09/18/19 20:51:51 -   ->  quality rule DISABLED: 7830	Avoid unreferenced Interfaces
09/18/19 20:51:51 - [START] load object, links and properties
09/18/19 20:51:51 -   -> loading objects from file: output\Abhyuday--Event-Management-Project-_ef843e1f70362de8888cda6c790f04929042aa1d_5a2d901d08c036d0412d0c4659dc9896af4d194d\repository\UA_SQLScript\ObjectDescriptors_1.json (1/1)
09/18/19 20:51:51 -   -> loading links from file:output\Abhyuday--Event-Management-Project-_ef843e1f70362de8888cda6c790f04929042aa1d_5a2d901d08c036d0412d0c4659dc9896af4d194d\repository\UA_SQLScript\ObjectDescriptors_1.json (1/1)
09/18/19 20:51:51 -   Total loaded: 
09/18/19 20:51:51 -     98 objects
09/18/19 20:51:51 -     20 links
09/18/19 20:51:51 -     285 properties
09/18/19 20:51:51 - [END] load object, links and properties
09/18/19 20:51:51 - [START] Process Quality Rules
09/18/19 20:51:51 -   -> processing quality rule: Avoid Artifacts with High Cyclomatic Complexity
09/18/19 20:51:51 -   -> processing quality rule: Avoid Artifacts with High Depth of Code
09/18/19 20:51:51 -   -> processing quality rule: Avoid Artifacts with High Essential Complexity
09/18/19 20:51:51 -   -> processing quality rule: Avoid Artifacts with High Integration Complexity
09/18/19 20:51:51 -   -> processing quality rule: Avoid Classes with a very low comment code ratio
09/18/19 20:51:51 -   -> processing quality rule: Avoid Classes with a High Number Of Children
09/18/19 20:51:51 -   -> processing quality rule: Avoid undocumented Function
09/18/19 20:51:51 -   -> processing quality rule: Avoid undocumented Methods
09/18/19 20:51:51 -   -> processing quality rule: Avoid large Artifacts - too many Lines of Code
09/18/19 20:51:51 -   -> processing quality rule: Avoid Methods with a very low comment code ratio
09/18/19 20:51:51 - [END] Process Quality Rules
09/18/19 20:51:51 - [END] Compute Quality Rules
09/18/19 20:51:47 - [START] Compute Quality Rules
09/18/19 20:51:51 -   ->  quality rule DISABLED: 7776	Avoid Artifacts with High Fan-In
09/18/19 20:51:51 -   ->  quality rule DISABLED: 7778	Avoid Artifacts with High Fan-Out
09/18/19 20:51:51 -   ->  quality rule DISABLED: 7784	Avoid Artifacts with lines longer than 120 characters
09/18/19 20:51:51 -   ->  quality rule DISABLED: 7830	Avoid unreferenced Interfaces
09/18/19 20:51:51 -   ->  quality rule DISABLED: 2230	Use of style sheets
09/18/19 20:51:51 -   ->  quality rule DISABLED: 7378	Use of style sheets
09/18/19 20:51:51 -   ->  quality rule DISABLED: 7908	Avoid unreferenced Methods
09/18/19 20:51:51 - [START] load object, links and properties
09/18/19 20:51:51 -   -> loading objects from file: output\Abhyuday--Event-Management-Project-_ef843e1f70362de8888cda6c790f04929042aa1d_5a2d901d08c036d0412d0c4659dc9896af4d194d\repository\UA_HTML5\ObjectDescriptors_1.json (1/6)
09/18/19 20:51:51 -   -> loading objects from file: output\Abhyuday--Event-Management-Project-_ef843e1f70362de8888cda6c790f04929042aa1d_5a2d901d08c036d0412d0c4659dc9896af4d194d\repository\UA_HTML5\ObjectDescriptors_2.json (2/6)
09/18/19 20:51:51 -   -> loading objects from file: output\Abhyuday--Event-Management-Project-_ef843e1f70362de8888cda6c790f04929042aa1d_5a2d901d08c036d0412d0c4659dc9896af4d194d\repository\UA_HTML5\ObjectDescriptors_3.json (3/6)
09/18/19 20:51:51 -   -> loading objects from file: output\Abhyuday--Event-Management-Project-_ef843e1f70362de8888cda6c790f04929042aa1d_5a2d901d08c036d0412d0c4659dc9896af4d194d\repository\UA_HTML5\ObjectDescriptors_4.json (4/6)
09/18/19 20:51:51 -   -> loading objects from file: output\Abhyuday--Event-Management-Project-_ef843e1f70362de8888cda6c790f04929042aa1d_5a2d901d08c036d0412d0c4659dc9896af4d194d\repository\UA_HTML5\ObjectDescriptors_5.json (5/6)
09/18/19 20:51:51 -   -> loading objects from file: output\Abhyuday--Event-Management-Project-_ef843e1f70362de8888cda6c790f04929042aa1d_5a2d901d08c036d0412d0c4659dc9896af4d194d\repository\UA_HTML5\ObjectDescriptors_6.json (6/6)
09/18/19 20:51:51 -   -> loading links from file:output\Abhyuday--Event-Management-Project-_ef843e1f70362de8888cda6c790f04929042aa1d_5a2d901d08c036d0412d0c4659dc9896af4d194d\repository\UA_HTML5\ObjectDescriptors_1.json (1/6)
09/18/19 20:51:51 -   -> loading links from file:output\Abhyuday--Event-Management-Project-_ef843e1f70362de8888cda6c790f04929042aa1d_5a2d901d08c036d0412d0c4659dc9896af4d194d\repository\UA_HTML5\ObjectDescriptors_2.json (2/6)
09/18/19 20:51:51 -   -> loading links from file:output\Abhyuday--Event-Management-Project-_ef843e1f70362de8888cda6c790f04929042aa1d_5a2d901d08c036d0412d0c4659dc9896af4d194d\repository\UA_HTML5\ObjectDescriptors_3.json (3/6)
09/18/19 20:51:51 -   -> loading links from file:output\Abhyuday--Event-Management-Project-_ef843e1f70362de8888cda6c790f04929042aa1d_5a2d901d08c036d0412d0c4659dc9896af4d194d\repository\UA_HTML5\ObjectDescriptors_4.json (4/6)
09/18/19 20:51:51 -   -> loading links from file:output\Abhyuday--Event-Management-Project-_ef843e1f70362de8888cda6c790f04929042aa1d_5a2d901d08c036d0412d0c4659dc9896af4d194d\repository\UA_HTML5\ObjectDescriptors_5.json (5/6)
09/18/19 20:51:51 -   -> loading links from file:output\Abhyuday--Event-Management-Project-_ef843e1f70362de8888cda6c790f04929042aa1d_5a2d901d08c036d0412d0c4659dc9896af4d194d\repository\UA_HTML5\ObjectDescriptors_6.json (6/6)
09/18/19 20:51:51 -   Total loaded: 
09/18/19 20:51:51 -     1289 objects
09/18/19 20:51:51 -     1703 links
09/18/19 20:51:51 -     2896 properties
09/18/19 20:51:51 - [END] load object, links and properties
09/18/19 20:51:51 - [START] Process Quality Rules
09/18/19 20:51:51 -   -> processing quality rule: Avoid_direct_definition_of_JavaScript_Functions_in_a_Web_page
09/18/19 20:51:51 -   -> processing quality rule: Avoid artifacts having recursive calls
09/18/19 20:51:51 -   -> processing quality rule: Avoid Artifacts with High Cyclomatic Complexity
09/18/19 20:51:51 -   -> processing quality rule: Avoid Artifacts with High Depth of Code
09/18/19 20:51:51 -   -> processing quality rule: Avoid Artifacts with High Essential Complexity
09/18/19 20:51:51 -   -> processing quality rule: Avoid Artifacts with High Integration Complexity
09/18/19 20:51:51 -   -> processing quality rule: Avoid Classes with a very low comment code ratio
09/18/19 20:51:51 -   -> processing quality rule: Avoid Classes with a High Number Of Children
09/18/19 20:51:51 -   -> processing quality rule: Avoid undocumented Function
09/18/19 20:51:51 -   -> processing quality rule: Avoid undocumented Methods
09/18/19 20:51:51 -   -> processing quality rule: Avoid large Artifacts - too many Lines of Code
09/18/19 20:51:51 -   -> processing quality rule: Avoid Methods with a very low comment code ratio
09/18/19 20:51:51 - [END] Process Quality Rules
09/18/19 20:51:51 - [END] Compute Quality Rules
